Starting engine with content at /Users/jasonmartin/Desktop/Sample Repo/the-satellite-project.
Save Value - Source is: Physics Object
Save Value - Variable 0 - Property: Direction
Save Value - Source is: Physics Object
Save Value - Variable 0 - Property: Direction
Save Value - Source is: Physics Object
Save Value - Variable 0 - Property: Direction
Save Value - Source is: Physics Object
Save Value - Variable 0 - Property: Direction
Save Value - Source is: Physics Object
Save Value - Variable 0 - Property: Direction
Save Value - Source is: Physics Object
Save Value - Variable 0 - Property: Direction
Save Value - Source is: Physics Object
Save Value - Variable 0 - Property: Direction
Save Value - Source is: Physics Object
Save Value - Variable 0 - Property: Direction
Save Value - Source is: Physics Object
Save Value - Variable 0 - Property: Direction
Save Value - Source is: Physics Object
Save Value - Variable 0 - Property: Direction
Save Value - Source is: Physics Object
Save Value - Variable 0 - Property: Direction
Save Value - Source is: Physics Object
Save Value - Variable 0 - Property: Direction
Save Value - Source is: Physics Object
Save Value - Variable 0 - Property: Direction
Save Value - Source is: Physics Object
Save Value - Variable 0 - Property: Direction
Save Value - Source is: Physics Object
Save Value - Variable 0 - Property: Direction
Save Value - Source is: Physics Object
Save Value - Variable 0 - Property: Direction
Save Value - Source is: Physics Object
Save Value - Variable 0 - Property: Direction
Save Value - Source is: Physics Object
Save Value - Variable 0 - Property: Direction
Save Value - Source is: Physics Object
Save Value - Variable 0 - Property: Direction
Save Value - Source is: Physics Object
Save Value - Variable 0 - Property: Direction
Save Value - Source is: Physics Object
Save Value - Variable 0 - Property: Direction
Save Value - Source is: Physics Object
Save Value - Variable 0 - Property: Direction
Save Value - Source is: Physics Object
Save Value - Variable 0 - Property: Direction
Save Value - Source is: Physics Object
Save Value - Variable 0 - Property: Direction
Save Value - Source is: Physics Object
Save Value - Variable 0 - Property: Direction
Save Value - Source is: Physics Object
Save Value - Variable 0 - Property: Direction
Save Value - Source is: Physics Object
Save Value - Variable 0 - Property: Direction
Save Value - Source is: Physics Object
Save Value - Variable 0 - Property: Direction
Save Value - Source is: Physics Object
Save Value - Variable 0 - Property: Direction
Save Value - Source is: Physics Object
Save Value - Variable 0 - Property: Direction
Save Value - Source is: Physics Object
Save Value - Variable 0 - Property: Direction
Save Value - Source is: Physics Object
Save Value - Variable 0 - Property: Direction
Save Value - Source is: Physics Object
Save Value - Variable 0 - Property: Direction
Save Value - Source is: Physics Object
Save Value - Variable 0 - Property: Direction
Save Value - Source is: Physics Object
Save Value - Variable 0 - Property: Direction
Save Value - Source is: Physics Object
Save Value - Variable 0 - Property: Direction
Save Value - Source is: Physics Object
Save Value - Variable 0 - Property: Direction
Save Value - Source is: Physics Object
Save Value - Variable 0 - Property: Direction
Save Value - Source is: Physics Object
Save Value - Variable 0 - Property: Direction
Save Value - Source is: Physics Object
Save Value - Variable 0 - Property: Direction
Save Value - Source is: Physics Object
Save Value - Variable 0 - Property: Direction
Save Value - Source is: Physics Object
Save Value - Variable 0 - Property: Direction
Save Value - Source is: Physics Object
Save Value - Variable 0 - Property: Direction
Save Value - Source is: Physics Object
Save Value - Variable 0 - Property: Direction
Save Value - Source is: Physics Object
Save Value - Variable 0 - Property: Direction
Save Value - Source is: Physics Object
Save Value - Variable 0 - Property: Direction
Save Value - Source is: Physics Object
Save Value - Variable 0 - Property: Direction
Save Value - Source is: Physics Object
Save Value - Variable 0 - Property: Direction
Save Value - Source is: Physics Object
Save Value - Variable 0 - Property: Direction
Save Value - Source is: Physics Object
Save Value - Variable 0 - Property: Direction
Save Value - Source is: Physics Object
Save Value - Variable 0 - Property: Direction
Save Value - Source is: Physics Object
Save Value - Variable 0 - Property: Direction
Save Value - Source is: Physics Object
Save Value - Variable 0 - Property: Direction
Save Value - Source is: Physics Object
Save Value - Variable 0 - Property: Direction
Save Value - Source is: Physics Object
Save Value - Variable 0 - Property: Direction
Save Value - Source is: Physics Object
Save Value - Variable 0 - Property: Direction
Save Value - Source is: Physics Object
Save Value - Variable 0 - Property: Direction
Save Value - Source is: Physics Object
Save Value - Variable 0 - Property: Direction
Save Value - Source is: Physics Object
Save Value - Variable 0 - Property: Direction
Save Value - Source is: Physics Object
Save Value - Variable 0 - Property: Direction
Save Value - Source is: Physics Object
Save Value - Variable 0 - Property: Direction
Save Value - Source is: Physics Object
Save Value - Variable 0 - Property: Direction
Save Value - Source is: Physics Object
Save Value - Variable 0 - Property: Direction
Save Value - Source is: Physics Object
Save Value - Variable 0 - Property: Direction
Save Value - Source is: Physics Object
Save Value - Variable 0 - Property: Direction
Save Value - Source is: Physics Object
Save Value - Variable 0 - Property: Direction
Save Value - Source is: Physics Object
Save Value - Variable 0 - Property: Direction
Save Value - Source is: Physics Object
Save Value - Variable 0 - Property: Direction
Starting engine with content at /Users/jasonmartin/Desktop/Sample Repo/the-satellite-project.
Save Value - Source is: Physics Object
Save Value - Variable 0 - Property: Direction
Save Value - Source is: Physics Object
Save Value - Variable 0 - Property: Direction
Save Value - Source is: Physics Object
Save Value - Variable 0 - Property: Direction
Save Value - Source is: Physics Object
Save Value - Variable 0 - Property: Direction
Save Value - Source is: Physics Object
Save Value - Variable 0 - Property: Direction
Save Value - Source is: Physics Object
Save Value - Variable 0 - Property: Direction
Save Value - Source is: Physics Object
Save Value - Variable 0 - Property: Direction
Save Value - Source is: Physics Object
Save Value - Variable 0 - Property: Direction
Save Value - Source is: Physics Object
Save Value - Variable 0 - Property: Direction
Save Value - Source is: Physics Object
Save Value - Variable 0 - Property: Direction
Save Value - Source is: Physics Object
Save Value - Variable 0 - Property: Direction
Save Value - Source is: Physics Object
Save Value - Variable 0 - Property: Direction
Save Value - Source is: Physics Object
Save Value - Variable 0 - Property: Direction
Save Value - Source is: Physics Object
Save Value - Variable 0 - Property: Direction
Save Value - Source is: Physics Object
Save Value - Variable 0 - Property: Direction
Save Value - Source is: Physics Object
Save Value - Variable 0 - Property: Direction
Save Value - Source is: Physics Object
Save Value - Variable 0 - Property: Direction
Save Value - Source is: Physics Object
Save Value - Variable 0 - Property: Direction
Save Value - Source is: Physics Object
Save Value - Variable 0 - Property: Direction
Save Value - Source is: Physics Object
Save Value - Variable 0 - Property: Direction
Save Value - Source is: Physics Object
Save Value - Variable 0 - Property: Direction
Save Value - Source is: Physics Object
Save Value - Variable 0 - Property: Direction
Save Value - Source is: Physics Object
Save Value - Variable 0 - Property: Direction
Save Value - Source is: Physics Object
Save Value - Variable 0 - Property: Direction
Save Value - Source is: Physics Object
Save Value - Variable 0 - Property: Direction
Save Value - Source is: Physics Object
Save Value - Variable 0 - Property: Direction
Save Value - Source is: Physics Object
Save Value - Variable 0 - Property: Direction
Save Value - Source is: Physics Object
Save Value - Variable 0 - Property: Direction
Save Value - Source is: Physics Object
Save Value - Variable 0 - Property: Direction
Save Value - Source is: Physics Object
Save Value - Variable 0 - Property: Direction
Save Value - Source is: Physics Object
Save Value - Variable 0 - Property: Direction
Save Value - Source is: Physics Object
Save Value - Variable 0 - Property: Direction
Spawn Entity - Adding Entity: 0; Position: (10, 0.375, 8); Resulting Unique ID: f49a96fa-e3c3-4da5-9639-6016ffa14fea.
Spawn Entity - Using Direction: 3
Spawn Entity - Saved Unique ID to Local Variable #0
